[19-Jul-2024 10:39:28 UTC] PHP Parse error:  syntax error, unexpected token "exit", expecting "," or ";" in D:\GitHub\DeMijngang\Projects\EventsManager_DeMijnGang\events-manager-demijngang\em-feed.php on line 15
[19-Jul-2024 10:42:52 UTC] PHP Warning:  foreach() argument must be of type array|object, null given in D:\GitHub\DeMijngang\Projects\EventsManager_DeMijnGang\events-manager-demijngang\em-feed.php on line 15
[19-Jul-2024 10:42:55 UTC] PHP Warning:  foreach() argument must be of type array|object, null given in D:\GitHub\DeMijngang\Projects\EventsManager_DeMijnGang\events-manager-demijngang\em-feed.php on line 15
[19-Jul-2024 10:44:19 UTC] PHP Warning:  Undefined variable $events in D:\GitHub\DeMijngang\Projects\EventsManager_DeMijnGang\events-manager-demijngang\em-feed.php on line 16
[19-Jul-2024 10:44:19 UTC] PHP Warning:  foreach() argument must be of type array|object, null given in D:\GitHub\DeMijngang\Projects\EventsManager_DeMijnGang\events-manager-demijngang\em-feed.php on line 16
[19-Jul-2024 10:46:16 UTC] PHP Warning:  Undefined variable $timezone in D:\GitHub\DeMijngang\Projects\EventsManager_DeMijnGang\events-manager-demijngang\em-feed.php on line 19
[19-Jul-2024 10:46:23 UTC] PHP Parse error:  syntax error, unexpected variable "$dateEnd", expecting "," or ";" in D:\GitHub\DeMijngang\Projects\EventsManager_DeMijnGang\events-manager-demijngang\em-feed.php on line 19
[19-Jul-2024 10:49:24 UTC] PHP Fatal error:  Uncaught Error: Call to undefined method EM_Event::post_name() in D:\GitHub\DeMijngang\Projects\EventsManager_DeMijnGang\events-manager-demijngang\em-feed.php:17
Stack trace:
#0 D:\GitHub\DeMijngang\Projects\_DevSite\app\public\wp-includes\class-wp-hook.php(324): em_feed('')
#1 D:\GitHub\DeMijngang\Projects\_DevSite\app\public\wp-includes\class-wp-hook.php(348): WP_Hook->apply_filters(NULL, Array)
#2 D:\GitHub\DeMijngang\Projects\_DevSite\app\public\wp-includes\plugin.php(517): WP_Hook->do_action(Array)
#3 D:\GitHub\DeMijngang\Projects\_DevSite\app\public\wp-settings.php(695): do_action('init')
#4 D:\GitHub\DeMijngang\Projects\_DevSite\app\public\wp-config.php(103): require_once('D:\\GitHub\\DeMij...')
#5 D:\GitHub\DeMijngang\Projects\_DevSite\app\public\wp-load.php(50): require_once('D:\\GitHub\\DeMij...')
#6 D:\GitHub\DeMijngang\Projects\_DevSite\app\public\wp-blog-header.php(13): require_once('D:\\GitHub\\DeMij...')
#7 D:\GitHub\DeMijngang\Projects\_DevSite\app\public\index.php(17): require('D:\\GitHub\\DeMij...')
#8 {main}
  thrown in D:\GitHub\DeMijngang\Projects\EventsManager_DeMijnGang\events-manager-demijngang\em-feed.php on line 17
[19-Jul-2024 10:50:27 UTC] PHP Fatal error:  Uncaught Error: Call to a member function format() on null in D:\GitHub\DeMijngang\Projects\EventsManager_DeMijnGang\events-manager-demijngang\em-feed.php:18
Stack trace:
#0 D:\GitHub\DeMijngang\Projects\_DevSite\app\public\wp-includes\class-wp-hook.php(324): em_feed('')
#1 D:\GitHub\DeMijngang\Projects\_DevSite\app\public\wp-includes\class-wp-hook.php(348): WP_Hook->apply_filters(NULL, Array)
#2 D:\GitHub\DeMijngang\Projects\_DevSite\app\public\wp-includes\plugin.php(517): WP_Hook->do_action(Array)
#3 D:\GitHub\DeMijngang\Projects\_DevSite\app\public\wp-settings.php(695): do_action('init')
#4 D:\GitHub\DeMijngang\Projects\_DevSite\app\public\wp-config.php(103): require_once('D:\\GitHub\\DeMij...')
#5 D:\GitHub\DeMijngang\Projects\_DevSite\app\public\wp-load.php(50): require_once('D:\\GitHub\\DeMij...')
#6 D:\GitHub\DeMijngang\Projects\_DevSite\app\public\wp-blog-header.php(13): require_once('D:\\GitHub\\DeMij...')
#7 D:\GitHub\DeMijngang\Projects\_DevSite\app\public\index.php(17): require('D:\\GitHub\\DeMij...')
#8 {main}
  thrown in D:\GitHub\DeMijngang\Projects\EventsManager_DeMijnGang\events-manager-demijngang\em-feed.php on line 18
[19-Jul-2024 10:56:28 UTC] PHP Fatal error:  Uncaught TypeError: Unsupported operand types: string + string in D:\GitHub\DeMijngang\Projects\EventsManager_DeMijnGang\events-manager-demijngang\em-feed.php:27
Stack trace:
#0 D:\GitHub\DeMijngang\Projects\_DevSite\app\public\wp-includes\class-wp-hook.php(324): em_feed('')
#1 D:\GitHub\DeMijngang\Projects\_DevSite\app\public\wp-includes\class-wp-hook.php(348): WP_Hook->apply_filters(NULL, Array)
#2 D:\GitHub\DeMijngang\Projects\_DevSite\app\public\wp-includes\plugin.php(517): WP_Hook->do_action(Array)
#3 D:\GitHub\DeMijngang\Projects\_DevSite\app\public\wp-settings.php(695): do_action('init')
#4 D:\GitHub\DeMijngang\Projects\_DevSite\app\public\wp-config.php(103): require_once('D:\\GitHub\\DeMij...')
#5 D:\GitHub\DeMijngang\Projects\_DevSite\app\public\wp-load.php(50): require_once('D:\\GitHub\\DeMij...')
#6 D:\GitHub\DeMijngang\Projects\_DevSite\app\public\wp-blog-header.php(13): require_once('D:\\GitHub\\DeMij...')
#7 D:\GitHub\DeMijngang\Projects\_DevSite\app\public\index.php(17): require('D:\\GitHub\\DeMij...')
#8 {main}
  thrown in D:\GitHub\DeMijngang\Projects\EventsManager_DeMijnGang\events-manager-demijngang\em-feed.php on line 27
[19-Jul-2024 11:00:41 UTC] PHP Warning:  Undefined variable $events_XML in D:\GitHub\DeMijngang\Projects\EventsManager_DeMijnGang\events-manager-demijngang\em-feed.php on line 17
[19-Jul-2024 11:00:41 UTC] PHP Fatal error:  Uncaught Error: Call to a member function addChild() on null in D:\GitHub\DeMijngang\Projects\EventsManager_DeMijnGang\events-manager-demijngang\em-feed.php:17
Stack trace:
#0 D:\GitHub\DeMijngang\Projects\_DevSite\app\public\wp-includes\class-wp-hook.php(324): em_feed('')
#1 D:\GitHub\DeMijngang\Projects\_DevSite\app\public\wp-includes\class-wp-hook.php(348): WP_Hook->apply_filters(NULL, Array)
#2 D:\GitHub\DeMijngang\Projects\_DevSite\app\public\wp-includes\plugin.php(517): WP_Hook->do_action(Array)
#3 D:\GitHub\DeMijngang\Projects\_DevSite\app\public\wp-settings.php(695): do_action('init')
#4 D:\GitHub\DeMijngang\Projects\_DevSite\app\public\wp-config.php(103): require_once('D:\\GitHub\\DeMij...')
#5 D:\GitHub\DeMijngang\Projects\_DevSite\app\public\wp-load.php(50): require_once('D:\\GitHub\\DeMij...')
#6 D:\GitHub\DeMijngang\Projects\_DevSite\app\public\wp-blog-header.php(13): require_once('D:\\GitHub\\DeMij...')
#7 D:\GitHub\DeMijngang\Projects\_DevSite\app\public\index.php(17): require('D:\\GitHub\\DeMij...')
#8 {main}
  thrown in D:\GitHub\DeMijngang\Projects\EventsManager_DeMijnGang\events-manager-demijngang\em-feed.php on line 17
[19-Jul-2024 11:01:23 UTC] PHP Warning:  Undefined variable $events_XML in D:\GitHub\DeMijngang\Projects\EventsManager_DeMijnGang\events-manager-demijngang\em-feed.php on line 17
[19-Jul-2024 11:01:23 UTC] PHP Fatal error:  Uncaught Error: Call to a member function addChild() on null in D:\GitHub\DeMijngang\Projects\EventsManager_DeMijnGang\events-manager-demijngang\em-feed.php:17
Stack trace:
#0 D:\GitHub\DeMijngang\Projects\_DevSite\app\public\wp-includes\class-wp-hook.php(324): em_feed('')
#1 D:\GitHub\DeMijngang\Projects\_DevSite\app\public\wp-includes\class-wp-hook.php(348): WP_Hook->apply_filters(NULL, Array)
#2 D:\GitHub\DeMijngang\Projects\_DevSite\app\public\wp-includes\plugin.php(517): WP_Hook->do_action(Array)
#3 D:\GitHub\DeMijngang\Projects\_DevSite\app\public\wp-settings.php(695): do_action('init')
#4 D:\GitHub\DeMijngang\Projects\_DevSite\app\public\wp-config.php(103): require_once('D:\\GitHub\\DeMij...')
#5 D:\GitHub\DeMijngang\Projects\_DevSite\app\public\wp-load.php(50): require_once('D:\\GitHub\\DeMij...')
#6 D:\GitHub\DeMijngang\Projects\_DevSite\app\public\wp-blog-header.php(13): require_once('D:\\GitHub\\DeMij...')
#7 D:\GitHub\DeMijngang\Projects\_DevSite\app\public\index.php(17): require('D:\\GitHub\\DeMij...')
#8 {main}
  thrown in D:\GitHub\DeMijngang\Projects\EventsManager_DeMijnGang\events-manager-demijngang\em-feed.php on line 17
[19-Jul-2024 11:11:30 UTC] PHP Fatal error:  Uncaught TypeError: SimpleXMLElement::addChild(): Argument #2 ($value) must be of type ?string, EM_Categories given in D:\GitHub\DeMijngang\Projects\EventsManager_DeMijnGang\events-manager-demijngang\em-feed.php:27
Stack trace:
#0 D:\GitHub\DeMijngang\Projects\EventsManager_DeMijnGang\events-manager-demijngang\em-feed.php(27): SimpleXMLElement->addChild('category', Object(EM_Categories))
#1 D:\GitHub\DeMijngang\Projects\_DevSite\app\public\wp-includes\class-wp-hook.php(324): em_feed('')
#2 D:\GitHub\DeMijngang\Projects\_DevSite\app\public\wp-includes\class-wp-hook.php(348): WP_Hook->apply_filters(NULL, Array)
#3 D:\GitHub\DeMijngang\Projects\_DevSite\app\public\wp-includes\plugin.php(517): WP_Hook->do_action(Array)
#4 D:\GitHub\DeMijngang\Projects\_DevSite\app\public\wp-settings.php(695): do_action('init')
#5 D:\GitHub\DeMijngang\Projects\_DevSite\app\public\wp-config.php(103): require_once('D:\\GitHub\\DeMij...')
#6 D:\GitHub\DeMijngang\Projects\_DevSite\app\public\wp-load.php(50): require_once('D:\\GitHub\\DeMij...')
#7 D:\GitHub\DeMijngang\Projects\_DevSite\app\public\wp-blog-header.php(13): require_once('D:\\GitHub\\DeMij...')
#8 D:\GitHub\DeMijngang\Projects\_DevSite\app\public\index.php(17): require('D:\\GitHub\\DeMij...')
#9 {main}
  thrown in D:\GitHub\DeMijngang\Projects\EventsManager_DeMijnGang\events-manager-demijngang\em-feed.php on line 27
[19-Jul-2024 11:12:18 UTC] PHP Parse error:  syntax error, unexpected token "as", expecting ")" in D:\GitHub\DeMijngang\Projects\EventsManager_DeMijnGang\events-manager-demijngang\em-feed.php on line 27
[19-Jul-2024 11:12:18 UTC] PHP Parse error:  syntax error, unexpected token "as", expecting ")" in D:\GitHub\DeMijngang\Projects\EventsManager_DeMijnGang\events-manager-demijngang\em-feed.php on line 27
[19-Jul-2024 11:22:56 UTC] PHP Fatal error:  Uncaught TypeError: SimpleXMLElement::addChild(): Argument #2 ($value) must be of type ?string, array given in D:\GitHub\DeMijngang\Projects\EventsManager_DeMijnGang\events-manager-demijngang\em-feed.php:34
Stack trace:
#0 D:\GitHub\DeMijngang\Projects\EventsManager_DeMijnGang\events-manager-demijngang\em-feed.php(34): SimpleXMLElement->addChild('name', Array)
#1 D:\GitHub\DeMijngang\Projects\_DevSite\app\public\wp-includes\class-wp-hook.php(324): em_feed('')
#2 D:\GitHub\DeMijngang\Projects\_DevSite\app\public\wp-includes\class-wp-hook.php(348): WP_Hook->apply_filters(NULL, Array)
#3 D:\GitHub\DeMijngang\Projects\_DevSite\app\public\wp-includes\plugin.php(517): WP_Hook->do_action(Array)
#4 D:\GitHub\DeMijngang\Projects\_DevSite\app\public\wp-settings.php(695): do_action('init')
#5 D:\GitHub\DeMijngang\Projects\_DevSite\app\public\wp-config.php(103): require_once('D:\\GitHub\\DeMij...')
#6 D:\GitHub\DeMijngang\Projects\_DevSite\app\public\wp-load.php(50): require_once('D:\\GitHub\\DeMij...')
#7 D:\GitHub\DeMijngang\Projects\_DevSite\app\public\wp-blog-header.php(13): require_once('D:\\GitHub\\DeMij...')
#8 D:\GitHub\DeMijngang\Projects\_DevSite\app\public\index.php(17): require('D:\\GitHub\\DeMij...')
#9 {main}
  thrown in D:\GitHub\DeMijngang\Projects\EventsManager_DeMijnGang\events-manager-demijngang\em-feed.php on line 34
[19-Jul-2024 11:23:34 UTC] PHP Warning:  Attempt to read property "location_name" on array in D:\GitHub\DeMijngang\Projects\EventsManager_DeMijnGang\events-manager-demijngang\em-feed.php on line 34
[19-Jul-2024 11:26:55 UTC] PHP Parse error:  syntax error, unexpected token "}" in D:\GitHub\DeMijngang\Projects\EventsManager_DeMijnGang\events-manager-demijngang\em-feed.php on line 33
[19-Jul-2024 11:27:03 UTC] PHP Parse error:  syntax error, unexpected token "}" in D:\GitHub\DeMijngang\Projects\EventsManager_DeMijnGang\events-manager-demijngang\em-feed.php on line 33
[19-Jul-2024 11:45:37 UTC] PHP Fatal error:  Uncaught TypeError: SimpleXMLElement::addChild(): Argument #2 ($value) must be of type ?string, EM_Categories given in D:\GitHub\DeMijngang\Projects\EventsManager_DeMijnGang\events-manager-demijngang\em-feed.php:25
Stack trace:
#0 D:\GitHub\DeMijngang\Projects\EventsManager_DeMijnGang\events-manager-demijngang\em-feed.php(25): SimpleXMLElement->addChild('categories', Object(EM_Categories))
#1 D:\GitHub\DeMijngang\Projects\_DevSite\app\public\wp-includes\class-wp-hook.php(324): em_feed('')
#2 D:\GitHub\DeMijngang\Projects\_DevSite\app\public\wp-includes\class-wp-hook.php(348): WP_Hook->apply_filters(NULL, Array)
#3 D:\GitHub\DeMijngang\Projects\_DevSite\app\public\wp-includes\plugin.php(517): WP_Hook->do_action(Array)
#4 D:\GitHub\DeMijngang\Projects\_DevSite\app\public\wp-settings.php(695): do_action('init')
#5 D:\GitHub\DeMijngang\Projects\_DevSite\app\public\wp-config.php(103): require_once('D:\\GitHub\\DeMij...')
#6 D:\GitHub\DeMijngang\Projects\_DevSite\app\public\wp-load.php(50): require_once('D:\\GitHub\\DeMij...')
#7 D:\GitHub\DeMijngang\Projects\_DevSite\app\public\wp-blog-header.php(13): require_once('D:\\GitHub\\DeMij...')
#8 D:\GitHub\DeMijngang\Projects\_DevSite\app\public\index.php(17): require('D:\\GitHub\\DeMij...')
#9 {main}
  thrown in D:\GitHub\DeMijngang\Projects\EventsManager_DeMijnGang\events-manager-demijngang\em-feed.php on line 25
[19-Jul-2024 11:45:51 UTC] PHP Fatal error:  Uncaught Error: Cannot use object of type EM_Categories as array in D:\GitHub\DeMijngang\Projects\EventsManager_DeMijnGang\events-manager-demijngang\em-feed.php:25
Stack trace:
#0 D:\GitHub\DeMijngang\Projects\_DevSite\app\public\wp-includes\class-wp-hook.php(324): em_feed('')
#1 D:\GitHub\DeMijngang\Projects\_DevSite\app\public\wp-includes\class-wp-hook.php(348): WP_Hook->apply_filters(NULL, Array)
#2 D:\GitHub\DeMijngang\Projects\_DevSite\app\public\wp-includes\plugin.php(517): WP_Hook->do_action(Array)
#3 D:\GitHub\DeMijngang\Projects\_DevSite\app\public\wp-settings.php(695): do_action('init')
#4 D:\GitHub\DeMijngang\Projects\_DevSite\app\public\wp-config.php(103): require_once('D:\\GitHub\\DeMij...')
#5 D:\GitHub\DeMijngang\Projects\_DevSite\app\public\wp-load.php(50): require_once('D:\\GitHub\\DeMij...')
#6 D:\GitHub\DeMijngang\Projects\_DevSite\app\public\wp-blog-header.php(13): require_once('D:\\GitHub\\DeMij...')
#7 D:\GitHub\DeMijngang\Projects\_DevSite\app\public\index.php(17): require('D:\\GitHub\\DeMij...')
#8 {main}
  thrown in D:\GitHub\DeMijngang\Projects\EventsManager_DeMijnGang\events-manager-demijngang\em-feed.php on line 25
[19-Jul-2024 11:48:50 UTC] PHP Warning:  Undefined variable $xm_categories in D:\GitHub\DeMijngang\Projects\EventsManager_DeMijnGang\events-manager-demijngang\em-feed.php on line 25
[19-Jul-2024 11:48:50 UTC] PHP Fatal error:  Uncaught Error: Call to a member function addChild() on null in D:\GitHub\DeMijngang\Projects\EventsManager_DeMijnGang\events-manager-demijngang\em-feed.php:25
Stack trace:
#0 D:\GitHub\DeMijngang\Projects\_DevSite\app\public\wp-includes\class-wp-hook.php(324): em_feed('')
#1 D:\GitHub\DeMijngang\Projects\_DevSite\app\public\wp-includes\class-wp-hook.php(348): WP_Hook->apply_filters(NULL, Array)
#2 D:\GitHub\DeMijngang\Projects\_DevSite\app\public\wp-includes\plugin.php(517): WP_Hook->do_action(Array)
#3 D:\GitHub\DeMijngang\Projects\_DevSite\app\public\wp-settings.php(695): do_action('init')
#4 D:\GitHub\DeMijngang\Projects\_DevSite\app\public\wp-config.php(103): require_once('D:\\GitHub\\DeMij...')
#5 D:\GitHub\DeMijngang\Projects\_DevSite\app\public\wp-load.php(50): require_once('D:\\GitHub\\DeMij...')
#6 D:\GitHub\DeMijngang\Projects\_DevSite\app\public\wp-blog-header.php(13): require_once('D:\\GitHub\\DeMij...')
#7 D:\GitHub\DeMijngang\Projects\_DevSite\app\public\index.php(17): require('D:\\GitHub\\DeMij...')
#8 {main}
  thrown in D:\GitHub\DeMijngang\Projects\EventsManager_DeMijnGang\events-manager-demijngang\em-feed.php on line 25
[19-Jul-2024 11:53:28 UTC] PHP Fatal error:  Uncaught Error: Call to undefined method EM_Event::get_tags() in D:\GitHub\DeMijngang\Projects\EventsManager_DeMijnGang\events-manager-demijngang\em-feed.php:30
Stack trace:
#0 D:\GitHub\DeMijngang\Projects\_DevSite\app\public\wp-includes\class-wp-hook.php(324): em_feed('')
#1 D:\GitHub\DeMijngang\Projects\_DevSite\app\public\wp-includes\class-wp-hook.php(348): WP_Hook->apply_filters(NULL, Array)
#2 D:\GitHub\DeMijngang\Projects\_DevSite\app\public\wp-includes\plugin.php(517): WP_Hook->do_action(Array)
#3 D:\GitHub\DeMijngang\Projects\_DevSite\app\public\wp-settings.php(695): do_action('init')
#4 D:\GitHub\DeMijngang\Projects\_DevSite\app\public\wp-config.php(103): require_once('D:\\GitHub\\DeMij...')
#5 D:\GitHub\DeMijngang\Projects\_DevSite\app\public\wp-load.php(50): require_once('D:\\GitHub\\DeMij...')
#6 D:\GitHub\DeMijngang\Projects\_DevSite\app\public\wp-blog-header.php(13): require_once('D:\\GitHub\\DeMij...')
#7 D:\GitHub\DeMijngang\Projects\_DevSite\app\public\index.php(17): require('D:\\GitHub\\DeMij...')
#8 {main}
  thrown in D:\GitHub\DeMijngang\Projects\EventsManager_DeMijnGang\events-manager-demijngang\em-feed.php on line 30
[19-Jul-2024 11:56:03 UTC] PHP Fatal error:  Uncaught TypeError: implode(): Argument #2 ($array) must be of type ?array, EM_Tags given in D:\GitHub\DeMijngang\Projects\EventsManager_DeMijnGang\events-manager-demijngang\em-feed.php:30
Stack trace:
#0 D:\GitHub\DeMijngang\Projects\EventsManager_DeMijnGang\events-manager-demijngang\em-feed.php(30): implode(', ', Object(EM_Tags))
#1 D:\GitHub\DeMijngang\Projects\_DevSite\app\public\wp-includes\class-wp-hook.php(324): em_feed('')
#2 D:\GitHub\DeMijngang\Projects\_DevSite\app\public\wp-includes\class-wp-hook.php(348): WP_Hook->apply_filters(NULL, Array)
#3 D:\GitHub\DeMijngang\Projects\_DevSite\app\public\wp-includes\plugin.php(517): WP_Hook->do_action(Array)
#4 D:\GitHub\DeMijngang\Projects\_DevSite\app\public\wp-settings.php(695): do_action('init')
#5 D:\GitHub\DeMijngang\Projects\_DevSite\app\public\wp-config.php(103): require_once('D:\\GitHub\\DeMij...')
#6 D:\GitHub\DeMijngang\Projects\_DevSite\app\public\wp-load.php(50): require_once('D:\\GitHub\\DeMij...')
#7 D:\GitHub\DeMijngang\Projects\_DevSite\app\public\wp-blog-header.php(13): require_once('D:\\GitHub\\DeMij...')
#8 D:\GitHub\DeMijngang\Projects\_DevSite\app\public\index.php(17): require('D:\\GitHub\\DeMij...')
#9 {main}
  thrown in D:\GitHub\DeMijngang\Projects\EventsManager_DeMijnGang\events-manager-demijngang\em-feed.php on line 30
